Cron called at2014-01-04T00:12:40Z
ArrayCron called at2014-01-04T00:14:08Z
ArrayCron called at2014-01-04T00:14:57Z
CAAIchuoCPN0BAHdG88aZAABpwolAsyFHJuaKvjb0CtYY2UmX69hMDbdjPXrgtmFOgSEL2c5eFgPcfnz4nd5RI8CyU9V2H50SpGzT4KpfPL6GG5tXZANzQOiZCflJZAhVILINow7DiqI39maLBgzXU7AbbpYzPaamwKEwskX8o7pFbMZBAqQ7v
NEW VIDEO: Duffy's Cut - "L.O.S.E." Oi! the Boat Records 
                PLUS: 5 more new videos since our last update
                
                Don't wait for Facebook updates - http://eadg.be
http://dev.eadg.be/#/v/wzOOZvXMkLs
EADG.Be
Guitar videos. Nothing else.
http://i.ytimg.com/vi/wzOOZvXMkLs/0.jpg
WATCH NOW: Duffy's Cut - "L.O.S.E." Oi! the Boat Records
/****/
Cron called at2014-01-04T00:15:47Z
CAAIchuoCPN0BAHdG88aZAABpwolAsyFHJuaKvjb0CtYY2UmX69hMDbdjPXrgtmFOgSEL2c5eFgPcfnz4nd5RI8CyU9V2H50SpGzT4KpfPL6GG5tXZANzQOiZCflJZAhVILINow7DiqI39maLBgzXU7AbbpYzPaamwKEwskX8o7pFbMZBAqQ7v
NEW VIDEO: Duffy's Cut - "L.O.S.E." Oi! the Boat Records 
                PLUS: 5 more new videos since our last update
                
                Don't wait for Facebook updates - http://eadg.be
http://dev.eadg.be/#/v/wzOOZvXMkLs
EADG.Be
Guitar videos. Nothing else.
http://i.ytimg.com/vi/wzOOZvXMkLs/0.jpg
WATCH NOW: Duffy's Cut - "L.O.S.E." Oi! the Boat Records
/****//****/
Cron called at2014-01-04T03:39:39Z
CAAIchuoCPN0BAHdG88aZAABpwolAsyFHJuaKvjb0CtYY2UmX69hMDbdjPXrgtmFOgSEL2c5eFgPcfnz4nd5RI8CyU9V2H50SpGzT4KpfPL6GG5tXZANzQOiZCflJZAhVILINow7DiqI39maLBgzXU7AbbpYzPaamwKEwskX8o7pFbMZBAqQ7v
NEW VIDEO: Those Guys - "Speaking My Language" Official Music Video 
                PLUS: 3 more new videos since our last update
                
                Don't wait for Facebook updates - http://eadg.be
http://dev.eadg.be/#/v/OecTEIHKez8
EADG.Be
Guitar videos. Nothing else.
http://i.ytimg.com/vi/OecTEIHKez8/0.jpg
WATCH NOW: Those Guys - "Speaking My Language" Official Music Video

/****//****/
Cron called at2014-01-04T03:40:36Z
CAAIchuoCPN0BAHdG88aZAABpwolAsyFHJuaKvjb0CtYY2UmX69hMDbdjPXrgtmFOgSEL2c5eFgPcfnz4nd5RI8CyU9V2H50SpGzT4KpfPL6GG5tXZANzQOiZCflJZAhVILINow7DiqI39maLBgzXU7AbbpYzPaamwKEwskX8o7pFbMZBAqQ7v
NEW VIDEO: Those Guys - "Speaking My Language" Official Music Video 
                PLUS: 3 more new videos since our last update
                
                Don't wait for Facebook updates - http://eadg.be
http://dev.eadg.be/#/v/OecTEIHKez8
EADG.Be
Guitar videos. Nothing else.
http://i.ytimg.com/vi/OecTEIHKez8/0.jpg
WATCH NOW: Those Guys - "Speaking My Language" Official Music Video

/****//****/
Cron called at2014-01-04T03:42:43Z
CAAIchuoCPN0BAHdG88aZAABpwolAsyFHJuaKvjb0CtYY2UmX69hMDbdjPXrgtmFOgSEL2c5eFgPcfnz4nd5RI8CyU9V2H50SpGzT4KpfPL6GG5tXZANzQOiZCflJZAhVILINow7DiqI39maLBgzXU7AbbpYzPaamwKEwskX8o7pFbMZBAqQ7v
NEW VIDEO: Fear the Concept - "Faith in the Faithless" Official Lyric Video 
                PLUS: 4 more new videos since our last update
                Don't wait for Facebook updates - http://eadg.be
http://dev.eadg.be/#/v/riNHvPBHCQ0
EADG.Be
Guitar videos. Nothing else.
http://i.ytimg.com/vi/riNHvPBHCQ0/0.jpg
WATCH NOW: Fear the Concept - "Faith in the Faithless" Official Lyric Video
FacebookApiException: This link could not be posted.
/****//****/
Cron called at2014-01-04T03:44:40Z
CAAIchuoCPN0BAHdG88aZAABpwolAsyFHJuaKvjb0CtYY2UmX69hMDbdjPXrgtmFOgSEL2c5eFgPcfnz4nd5RI8CyU9V2H50SpGzT4KpfPL6GG5tXZANzQOiZCflJZAhVILINow7DiqI39maLBgzXU7AbbpYzPaamwKEwskX8o7pFbMZBAqQ7v
NEW VIDEO: Fear the Concept - "Faith in the Faithless" Official Lyric Video 
                PLUS: 4 more new videos since our last update
                Don't wait for Facebook updates - http://eadg.be
http://dev.eadg.be/#/v/riNHvPBHCQ0
EADG.Be
Guitar videos. Nothing else.
http://i.ytimg.com/vi/riNHvPBHCQ0/0.jpg
WATCH NOW: Fear the Concept - "Faith in the Faithless" Official Lyric Video

/****//****/
Cron called at2014-01-04T03:44:59Z
CAAIchuoCPN0BAHdG88aZAABpwolAsyFHJuaKvjb0CtYY2UmX69hMDbdjPXrgtmFOgSEL2c5eFgPcfnz4nd5RI8CyU9V2H50SpGzT4KpfPL6GG5tXZANzQOiZCflJZAhVILINow7DiqI39maLBgzXU7AbbpYzPaamwKEwskX8o7pFbMZBAqQ7v
NEW VIDEO: Fear the Concept - "Faith in the Faithless" Official Lyric Video 
                PLUS: 4 more new videos since our last update
                Don't wait for Facebook updates - http://eadg.be
http://dev.eadg.be/#/v/riNHvPBHCQ0
EADG.Be
Guitar videos. Nothing else.
http://i.ytimg.com/vi/riNHvPBHCQ0/0.jpg
WATCH NOW: Fear the Concept - "Faith in the Faithless" Official Lyric Video

/****//****/
Cron called at2014-01-04T03:46:55Z
CAAIchuoCPN0BAHdG88aZAABpwolAsyFHJuaKvjb0CtYY2UmX69hMDbdjPXrgtmFOgSEL2c5eFgPcfnz4nd5RI8CyU9V2H50SpGzT4KpfPL6GG5tXZANzQOiZCflJZAhVILINow7DiqI39maLBgzXU7AbbpYzPaamwKEwskX8o7pFbMZBAqQ7v
NEW VIDEO: Fear the Concept - "Faith in the Faithless" Official Lyric Video 
                PLUS: 4 more new videos since our last update
                Don't wait for Facebook updates - http://eadg.be
http://dev.eadg.be/#/v/riNHvPBHCQ0
EADG.Be
Guitar videos. Nothing else.
http://i.ytimg.com/vi/riNHvPBHCQ0/0.jpg
WATCH NOW: Fear the Concept - "Faith in the Faithless" Official Lyric Video
, , 
/****/
/****/
Cron called at
Facebook post params: 
CAAIchuoCPN0BAHdG88aZAABpwolAsyFHJuaKvjb0CtYY2UmX69hMDbdjPXrgtmFOgSEL2c5eFgPcfnz4nd5RI8CyU9V2H50SpGzT4KpfPL6GG5tXZANzQOiZCflJZAhVILINow7DiqI39maLBgzXU7AbbpYzPaamwKEwskX8o7pFbMZBAqQ7v
NEW VIDEO: The Period Surfers - "Words" Official Music Video 
                PLUS: 5 more new videos since our last update
                Don't wait for Facebook updates - http://eadg.be
http://dev.eadg.be/#/v/OJ3IRQxv6PA
EADG.Be
Guitar videos. Nothing else.
http://i.ytimg.com/vi/OJ3IRQxv6PA/0.jpg
WATCH NOW: The Period Surfers - "Words" Official Music Video

/****/
Cron called at
Facebook post params: 
CAAIchuoCPN0BAHdG88aZAABpwolAsyFHJuaKvjb0CtYY2UmX69hMDbdjPXrgtmFOgSEL2c5eFgPcfnz4nd5RI8CyU9V2H50SpGzT4KpfPL6GG5tXZANzQOiZCflJZAhVILINow7DiqI39maLBgzXU7AbbpYzPaamwKEwskX8o7pFbMZBAqQ7v
NEW VIDEO: Halcyon Hope - "Monuments" Discretion Is Paramount Records 
                PLUS: 6 more new videos since our last update
                Don't wait for Facebook updates - http://eadg.be
http://dev.eadg.be/#/v/qARTdfvOUj4
EADG.Be
Guitar videos. Nothing else.
http://i.ytimg.com/vi/qARTdfvOUj4/0.jpg
WATCH NOW: Halcyon Hope - "Monuments" Discretion Is Paramount Records

/****/
Cron called at2014-01-04T03:56:30Z
Facebook post params: 
CAAIchuoCPN0BAHdG88aZAABpwolAsyFHJuaKvjb0CtYY2UmX69hMDbdjPXrgtmFOgSEL2c5eFgPcfnz4nd5RI8CyU9V2H50SpGzT4KpfPL6GG5tXZANzQOiZCflJZAhVILINow7DiqI39maLBgzXU7AbbpYzPaamwKEwskX8o7pFbMZBAqQ7v
NEW VIDEO: Halcyon Hope - "Monuments" Discretion Is Paramount Records 
                PLUS: 6 more new videos since our last update
                Don't wait for Facebook updates - http://eadg.be
http://dev.eadg.be/#/v/qARTdfvOUj4
EADG.Be
Guitar videos. Nothing else.
http://i.ytimg.com/vi/qARTdfvOUj4/0.jpg
WATCH NOW: Halcyon Hope - "Monuments" Discretion Is Paramount Records
Successfully posted to Facebook Fan Page
Cron job complete 
/****/